<?xml version="1.0" encoding="UTF-8"?>
<!-- Generated by org.testng.reporters.JUnitReportReporter -->
<testsuite hostname="Geeta" failures="0" tests="1" name="smokeSuite.AmazonE2E.Tc3_LoginSearchingClicking1stProduct" time="39.075" errors="0" timestamp="2026-06-29T19:43:17 IST" skipped="0">
  <testcase classname="smokeSuite.AmazonE2E.Tc3_LoginSearchingClicking1stProduct" name="loginClicking1st" time="39.075">
    <system-out>
      <![CDATA[Browser launched successfully
Login is done successfully
Searching the product
Clicking on the FirstProduct
Test case is pass]]>
    </system-out>
  </testcase> <!-- loginClicking1st -->
  <system-out>
    <![CDATA[Browser launched successfully
Login is done successfully
Test case is pass
Browser launched successfully
Login is done successfully
Browser launched successfully
Login is done successfully
Searching the product
Clicking on the FirstProduct
Test case is pass
Browser launched successfully
Login is done successfully
Searching the product
Clicking on the FirstProduct]]>
  </system-out>
</testsuite> <!-- smokeSuite.AmazonE2E.Tc3_LoginSearchingClicking1stProduct -->
